app/build/outputs/logs/manifest-merger-debug-report.txt
-- Merging decision tree log ---
manifest
ADDED from src\main\AndroidManifest.xml:2:1-29:12
INJECTED from src\main\AndroidManifest.xml:2:1-29:12
INJECTED from src\main\AndroidManifest.xml:2:1-29:12
INJECTED from src\main\AndroidManifest.xml:2:1-29:12
MERGED from [androidx.databinding:viewbinding:8.3.0] AndroidManifest.xml:2:1-7:12
MERGED from [com.mapbox.maps:android:11.2.1] AndroidManifest.xml:2:1-7:12
MERGED from [com.google.android.material:material:1.11.0] AndroidManifest.xml:17:1-24:12
MERGED from [com.mapbox.plugin:maps-annotation:11.2.1] AndroidManifest.xml:2:1-7:12
MERGED from [com.mapbox.extension:maps-localization:11.2.1] AndroidManifest.xml:2:1-7:12
MERGED from [com.mapbox.extension:maps-style:11.2.1] AndroidManifest.xml:2:1-7:12
MERGED from [com.mapbox.plugin:maps-logo:11.2.1] AndroidManifest.xml:2:1-7:12
MERGED from [com.mapbox.plugin:maps-compass:11.2.1] AndroidManifest.xml:2:1-7:12
MERGED from [com.mapbox.plugin:maps-gestures:11.2.1] AndroidManifest.xml:2:1-7:12
MERGED from [com.mapbox.plugin:maps-attribution:11.2.1] AndroidManifest.xml:2:1-7:12
MERGED from [com.mapbox.plugin:maps-viewport:11.2.1] AndroidManifest.xml:2:1-7:12
MERGED from [com.mapbox.plugin:maps-locationcomponent:11.2.1] AndroidManifest.xml:2:1-7:12
MERGED from [com.mapbox.plugin:maps-animation:11.2.1] AndroidManifest.xml:2:1-7:12
MERGED from [com.mapbox.plugin:maps-scalebar:11.2.1] AndroidManifest.xml:2:1-7:12
MERGED from [com.mapbox.plugin:maps-overlay:11.2.1] AndroidManifest.xml:2:1-7:12
MERGED from [com.mapbox.plugin:maps-lifecycle:11.2.1] AndroidManifest.xml:2:1-7:12
MERGED from [com.mapbox.module:maps-telemetry:11.2.1] AndroidManifest.xml:2:1-7:12
MERGED from [com.mapbox.maps:base:11.2.1] AndroidManifest.xml:2:1-20:12
MERGED from [androidx.constraintlayout:constraintlayout:2.1.4] AndroidManifest.xml:2:1-11:12
MERGED from [androidx.appcompat:appcompat-resources:1.6.1] AndroidManifest.xml:17:1-22:12
MERGED from [androidx.appcompat:appcompat:1.6.1] AndroidManifest.xml:17:1-22:12
MERGED from [androidx.viewpager2:viewpager2:1.0.0] AndroidManifest.xml:17:1-24:12
MERGED from [androidx.fragment:fragment:1.3.6] AndroidManifest.xml:17:1-24:12
MERGED from [androidx.activity:activity:1.8.2] AndroidManifest.xml:17:1-22:12
MERGED from [androidx.core:core-ktx:1.12.0] AndroidManifest.xml:2:1-7:12
MERGED from [androidx.emoji2:emoji2-views-helper:1.2.0] AndroidManifest.xml:2:1-7:12
MERGED from [androidx.emoji2:emoji2:1.2.0] AndroidManifest.xml:17:1-35:12
MERGED from [androidx.drawerlayout:drawerlayout:1.1.1] AndroidManifest.xml:17:1-24:12
MERGED from [androidx.coordinatorlayout:coordinatorlayout:1.1.0] AndroidManifest.xml:17:1-24:12
MERGED from [androidx.dynamicanimation:dynamicanimation:1.0.0] AndroidManifest.xml:17:1-22:12
MERGED from [androidx.transition:transition:1.2.0] AndroidManifest.xml:17:1-24:12
MERGED from [androidx.vectordrawable:vectordrawable-animated:1.1.0] AndroidManifest.xml:17:1-24:12
MERGED from [androidx.vectordrawable:vectordrawable:1.1.0] AndroidManifest.xml:17:1-24:12
MERGED from [androidx.viewpager:viewpager:1.0.0] AndroidManifest.xml:17:1-22:12
MERGED from [androidx.legacy:legacy-support-core-utils:1.0.0] AndroidManifest.xml:17:1-22:12
MERGED from [androidx.loader:loader:1.0.0] AndroidManifest.xml:17:1-22:12
MERGED from [androidx.recyclerview:recyclerview:1.1.0] AndroidManifest.xml:17:1-24:12
MERGED from [androidx.customview:customview:1.1.0] AndroidManifest.xml:17:1-24:12
MERGED from [com.mapbox.mapboxsdk:mapbox-android-gestures:0.8.0] AndroidManifest.xml:2:1-9:12
MERGED from [com.mapbox.maps:android-core:11.2.1] AndroidManifest.xml:2:1-33:12
MERGED from [com.mapbox.common:common:24.2.0] AndroidManifest.xml:2:1-38:12
MERGED from [androidx.core:core:1.12.0] AndroidManifest.xml:17:1-30:12
MERGED from [androidx.savedstate:savedstate:1.2.1] AndroidManifest.xml:17:1-22:12
MERGED from [androidx.lifecycle:lifecycle-livedata:2.6.1] AndroidManifest.xml:17:1-22:12
MERGED from [androidx.lifecycle:lifecycle-process:2.6.1] AndroidManifest.xml:17:1-35:12
MERGED from [androidx.lifecycle:lifecycle-livedata-core:2.6.1] AndroidManifest.xml:17:1-22:12
MERGED from [androidx.lifecycle:lifecycle-viewmodel:2.6.1] AndroidManifest.xml:17:1-22:12
MERGED from [androidx.lifecycle:lifecycle-runtime:2.6.1] AndroidManifest.xml:2:1-7:12
MERGED from [androidx.lifecycle:lifecycle-viewmodel-savedstate:2.6.1] AndroidManifest.xml:17:1-22:12
MERGED from [androidx.cursoradapter:cursoradapter:1.0.0] AndroidManifest.xml:17:1-22:12
MERGED from [androidx.cardview:cardview:1.0.0] AndroidManifest.xml:17:1-22:12
MERGED from [androidx.profileinstaller:profileinstaller:1.3.0] AndroidManifest.xml:17:1-55:12
MERGED from [androidx.startup:startup-runtime:1.1.1] AndroidManifest.xml:17:1-33:12
MERGED from [androidx.tracing:tracing:1.0.0] AndroidManifest.xml:17:1-24:12
MERGED from [com.mapbox.common:logger:0.8.0] AndroidManifest.xml:2:1-9:12
MERGED from [com.mapbox.common:loader:0.8.0] AndroidManifest.xml:2:1-9:12
MERGED from [com.mapbox.base:common:0.8.0] AndroidManifest.xml:2:1-9:12
MERGED from [androidx.interpolator:interpolator:1.0.0] AndroidManifest.xml:17:1-22:12
MERGED from [androidx.versionedparcelable:versionedparcelable:1.1.1] AndroidManifest.xml:17:1-27:12
MERGED from [androidx.arch.core:core-runtime:2.2.0] AndroidManifest.xml:17:1-22:12
MERGED from [androidx.documentfile:documentfile:1.0.0] AndroidManifest.xml:17:1-22:12
MERGED from [androidx.localbroadcastmanager:localbroadcastmanager:1.0.0] AndroidManifest.xml:17:1-22:12
MERGED from [androidx.print:print:1.0.0] AndroidManifest.xml:17:1-22:12
MERGED from [androidx.annotation:annotation-experimental:1.3.0] AndroidManifest.xml:17:1-22:12
	package
		INJECTED from src\main\AndroidManifest.xml
	android:versionName
		INJECTED from src\main\AndroidManifest.xml
	xmlns:tools
		ADDED from src\main\AndroidManifest.xml:3:5-51
	android:versionCode
		INJECTED from src\main\AndroidManifest.xml
	xmlns:android
		ADDED from src\main\AndroidManifest.xml:2:11-69
uses-permission#android.permission.ACCESS_COARSE_LOCATION
ADDED from src\main\AndroidManifest.xml:5:5-81
	android:name
		ADDED from src\main\AndroidManifest.xml:5:22-78
uses-permission#android.permission.ACCESS_FINE_LOCATION
ADDED from src\main\AndroidManifest.xml:6:5-79
	android:name
		ADDED from src\main\AndroidManifest.xml:6:22-76
application
ADDED from src\main\AndroidManifest.xml:8:5-27:19
INJECTED from src\main\AndroidManifest.xml:8:5-27:19
MERGED from [com.google.android.material:material:1.11.0] AndroidManifest.xml:22:5-20
MERGED from [com.google.android.material:material:1.11.0] AndroidManifest.xml:22:5-20
MERGED from [com.mapbox.maps:base:11.2.1] AndroidManifest.xml:8:5-18:19
MERGED from [com.mapbox.maps:base:11.2.1] AndroidManifest.xml:8:5-18:19
MERGED from [androidx.constraintlayout:constraintlayout:2.1.4] AndroidManifest.xml:9:5-20
MERGED from [androidx.constraintlayout:constraintlayout:2.1.4] AndroidManifest.xml:9:5-20
MERGED from [androidx.emoji2:emoji2:1.2.0] AndroidManifest.xml:23:5-33:19
MERGED from [androidx.emoji2:emoji2:1.2.0] AndroidManifest.xml:23:5-33:19
MERGED from [com.mapbox.maps:android-core:11.2.1] AndroidManifest.xml:21:5-31:19
MERGED from [com.mapbox.maps:android-core:11.2.1] AndroidManifest.xml:21:5-31:19
MERGED from [com.mapbox.common:common:24.2.0] AndroidManifest.xml:11:5-36:19
MERGED from [com.mapbox.common:common:24.2.0] AndroidManifest.xml:11:5-36:19
MERGED from [androidx.core:core:1.12.0] AndroidManifest.xml:28:5-89
MERGED from [androidx.core:core:1.12.0] AndroidManifest.xml:28:5-89
MERGED from [androidx.lifecycle:lifecycle-process:2.6.1] AndroidManifest.xml:23:5-33:19
MERGED from [androidx.lifecycle:lifecycle-process:2.6.1] AndroidManifest.xml:23:5-33:19
MERGED from [androidx.profileinstaller:profileinstaller:1.3.0] AndroidManifest.xml:23:5-53:19
MERGED from [androidx.profileinstaller:profileinstaller:1.3.0] AndroidManifest.xml:23:5-53:19
MERGED from [androidx.startup:startup-runtime:1.1.1] AndroidManifest.xml:25:5-31:19
MERGED from [androidx.startup:startup-runtime:1.1.1] AndroidManifest.xml:25:5-31:19
MERGED from [androidx.versionedparcelable:versionedparcelable:1.1.1] AndroidManifest.xml:24:5-25:19
MERGED from [androidx.versionedparcelable:versionedparcelable:1.1.1] AndroidManifest.xml:24:5-25:19
	android:extractNativeLibs
		INJECTED from src\main\AndroidManifest.xml
	android:appComponentFactory
		ADDED from [androidx.core:core:1.12.0] AndroidManifest.xml:28:18-86
	android:supportsRtl
		ADDED from src\main\AndroidManifest.xml:15:9-35
	android:label
		ADDED from src\main\AndroidManifest.xml:13:9-41
	android:fullBackupContent
		ADDED from src\main\AndroidManifest.xml:11:9-54
	android:roundIcon
		ADDED from src\main\AndroidManifest.xml:14:9-54
	tools:targetApi
		ADDED from src\main\AndroidManifest.xml:17:9-29
	android:icon
		ADDED from src\main\AndroidManifest.xml:12:9-43
	android:allowBackup
		ADDED from src\main\AndroidManifest.xml:9:9-35
	android:theme
		ADDED from src\main\AndroidManifest.xml:16:9-44
	android:dataExtractionRules
		ADDED from src\main\AndroidManifest.xml:10:9-65
activity#dev.divyanshgemini.mapbox.MainActivity
ADDED from src\main\AndroidManifest.xml:18:9-26:20
	android:exported
		ADDED from src\main\AndroidManifest.xml:20:13-36
	android:name
		ADDED from src\main\AndroidManifest.xml:19:13-41
intent-filter#action:name:android.intent.action.MAIN+category:name:android.intent.category.LAUNCHER
ADDED from src\main\AndroidManifest.xml:21:13-25:29
action#android.intent.action.MAIN
ADDED from src\main\AndroidManifest.xml:22:17-69
	android:name
		ADDED from src\main\AndroidManifest.xml:22:25-66
category#android.intent.category.LAUNCHER
ADDED from src\main\AndroidManifest.xml:24:17-77
	android:name
		ADDED from src\main\AndroidManifest.xml:24:27-74
uses-sdk
INJECTED from src\main\AndroidManifest.xml reason: use-sdk injection requested
INJECTED from src\main\AndroidManifest.xml
INJECTED from src\main\AndroidManifest.xml
MERGED from [androidx.databinding:viewbinding:8.3.0] AndroidManifest.xml:5:5-44
MERGED from [androidx.databinding:viewbinding:8.3.0] AndroidManifest.xml:5:5-44
MERGED from [com.mapbox.maps:android:11.2.1] AndroidManifest.xml:5:5-44
MERGED from [com.mapbox.maps:android:11.2.1] AndroidManifest.xml:5:5-44
MERGED from [com.google.android.material:material:1.11.0] AndroidManifest.xml:20:5-44
MERGED from [com.google.android.material:material:1.11.0] AndroidManifest.xml:20:5-44
MERGED from [com.mapbox.plugin:maps-annotation:11.2.1] AndroidManifest.xml:5:5-44
MERGED from [com.mapbox.plugin:maps-annotation:11.2.1] AndroidManifest.xml:5:5-44
MERGED from [com.mapbox.extension:maps-localization:11.2.1] AndroidManifest.xml:5:5-44
MERGED from [com.mapbox.extension:maps-localization:11.2.1] AndroidManifest.xml:5:5-44
MERGED from [com.mapbox.extension:maps-style:11.2.1] AndroidManifest.xml:5:5-44
MERGED from [com.mapbox.extension:maps-style:11.2.1] AndroidManifest.xml:5:5-44
MERGED from [com.mapbox.plugin:maps-logo:11.2.1] AndroidManifest.xml:5:5-44
MERGED from [com.mapbox.plugin:maps-logo:11.2.1] AndroidManifest.xml:5:5-44
MERGED from [com.mapbox.plugin:maps-compass:11.2.1] AndroidManifest.xml:5:5-44
MERGED from [com.mapbox.plugin:maps-compass:11.2.1] AndroidManifest.xml:5:5-44
MERGED from [com.mapbox.plugin:maps-gestures:11.2.1] AndroidManifest.xml:5:5-44
MERGED from [com.mapbox.plugin:maps-gestures:11.2.1] AndroidManifest.xml:5:5-44
MERGED from [com.mapbox.plugin:maps-attribution:11.2.1] AndroidManifest.xml:5:5-44
MERGED from [com.mapbox.plugin:maps-attribution:11.2.1] AndroidManifest.xml:5:5-44
MERGED from [com.mapbox.plugin:maps-viewport:11.2.1] AndroidManifest.xml:5:5-44
MERGED from [com.mapbox.plugin:maps-viewport:11.2.1] AndroidManifest.xml:5:5-44
MERGED from [com.mapbox.plugin:maps-locationcomponent:11.2.1] AndroidManifest.xml:5:5-44
MERGED from [com.mapbox.plugin:maps-locationcomponent:11.2.1] AndroidManifest.xml:5:5-44
MERGED from [com.mapbox.plugin:maps-animation:11.2.1] AndroidManifest.xml:5:5-44
MERGED from [com.mapbox.plugin:maps-animation:11.2.1] AndroidManifest.xml:5:5-44
MERGED from [com.mapbox.plugin:maps-scalebar:11.2.1] AndroidManifest.xml:5:5-44
MERGED from [com.mapbox.plugin:maps-scalebar:11.2.1] AndroidManifest.xml:5:5-44
MERGED from [com.mapbox.plugin:maps-overlay:11.2.1] AndroidManifest.xml:5:5-44
MERGED from [com.mapbox.plugin:maps-overlay:11.2.1] AndroidManifest.xml:5:5-44
MERGED from [com.mapbox.plugin:maps-lifecycle:11.2.1] AndroidManifest.xml:5:5-44
MERGED from [com.mapbox.plugin:maps-lifecycle:11.2.1] AndroidManifest.xml:5:5-44
MERGED from [com.mapbox.module:maps-telemetry:11.2.1] AndroidManifest.xml:5:5-44
MERGED from [com.mapbox.module:maps-telemetry:11.2.1] AndroidManifest.xml:5:5-44
MERGED from [com.mapbox.maps:base:11.2.1] AndroidManifest.xml:6:5-44
MERGED from [com.mapbox.maps:base:11.2.1] AndroidManifest.xml:6:5-44
MERGED from [androidx.constraintlayout:constraintlayout:2.1.4] AndroidManifest.xml:5:5-7:41
MERGED from [androidx.constraintlayout:constraintlayout:2.1.4] AndroidManifest.xml:5:5-7:41
MERGED from [androidx.appcompat:appcompat-resources:1.6.1] AndroidManifest.xml:20:5-44
MERGED from [androidx.appcompat:appcompat-resources:1.6.1] AndroidManifest.xml:20:5-44
MERGED from [androidx.appcompat:appcompat:1.6.1] AndroidManifest.xml:20:5-44
MERGED from [androidx.appcompat:appcompat:1.6.1] AndroidManifest.xml:20:5-44
MERGED from [androidx.viewpager2:viewpager2:1.0.0] AndroidManifest.xml:20:5-22:41
MERGED from [androidx.viewpager2:viewpager2:1.0.0] AndroidManifest.xml:20:5-22:41
MERGED from [androidx.fragment:fragment:1.3.6] AndroidManifest.xml:20:5-22:41
MERGED from [androidx.fragment:fragment:1.3.6] AndroidManifest.xml:20:5-22:41
MERGED from [androidx.activity:activity:1.8.2] AndroidManifest.xml:20:5-44
MERGED from [androidx.activity:activity:1.8.2] AndroidManifest.xml:20:5-44
MERGED from [androidx.core:core-ktx:1.12.0] AndroidManifest.xml:5:5-44
MERGED from [androidx.core:core-ktx:1.12.0] AndroidManifest.xml:5:5-44
MERGED from [androidx.emoji2:emoji2-views-helper:1.2.0] AndroidManifest.xml:5:5-44
MERGED from [androidx.emoji2:emoji2-views-helper:1.2.0] AndroidManifest.xml:5:5-44
MERGED from [androidx.emoji2:emoji2:1.2.0] AndroidManifest.xml:21:5-44
MERGED from [androidx.emoji2:emoji2:1.2.0] AndroidManifest.xml:21:5-44
MERGED from [androidx.drawerlayout:drawerlayout:1.1.1] AndroidManifest.xml:20:5-22:41
MERGED from [androidx.drawerlayout:drawerlayout:1.1.1] AndroidManifest.xml:20:5-22:41
MERGED from [androidx.coordinatorlayout:coordinatorlayout:1.1.0] AndroidManifest.xml:20:5-22:41
MERGED from [androidx.coordinatorlayout:coordinatorlayout:1.1.0] AndroidManifest.xml:20:5-22:41
MERGED from [androidx.dynamicanimation:dynamicanimation:1.0.0] AndroidManifest.xml:20:5-44
MERGED from [androidx.dynamicanimation:dynamicanimation:1.0.0] AndroidManifest.xml:20:5-44
MERGED from [androidx.transition:transition:1.2.0] AndroidManifest.xml:20:5-22:41
MERGED from [androidx.transition:transition:1.2.0] AndroidManifest.xml:20:5-22:41
MERGED from [androidx.vectordrawable:vectordrawable-animated:1.1.0] AndroidManifest.xml:20:5-22:41
MERGED from [androidx.vectordrawable:vectordrawable-animated:1.1.0] AndroidManifest.xml:20:5-22:41
MERGED from [androidx.vectordrawable:vectordrawable:1.1.0] AndroidManifest.xml:20:5-22:41
MERGED from [androidx.vectordrawable:vectordrawable:1.1.0] AndroidManifest.xml:20:5-22:41
MERGED from [androidx.viewpager:viewpager:1.0.0] AndroidManifest.xml:20:5-44
MERGED from [androidx.viewpager:viewpager:1.0.0] AndroidManifest.xml:20:5-44
MERGED from [androidx.legacy:legacy-support-core-utils:1.0.0] AndroidManifest.xml:20:5-44
MERGED from [androidx.legacy:legacy-support-core-utils:1.0.0] AndroidManifest.xml:20:5-44
MERGED from [androidx.loader:loader:1.0.0] AndroidManifest.xml:20:5-44
MERGED from [androidx.loader:loader:1.0.0] AndroidManifest.xml:20:5-44
MERGED from [androidx.recyclerview:recyclerview:1.1.0] AndroidManifest.xml:20:5-22:41
MERGED from [androidx.recyclerview:recyclerview:1.1.0] AndroidManifest.xml:20:5-22:41
MERGED from [androidx.customview:customview:1.1.0] AndroidManifest.xml:20:5-22:41
MERGED from [androidx.customview:customview:1.1.0] AndroidManifest.xml:20:5-22:41
MERGED from [com.mapbox.mapboxsdk:mapbox-android-gestures:0.8.0] AndroidManifest.xml:5:5-7:41
MERGED from [com.mapbox.mapboxsdk:mapbox-android-gestures:0.8.0] AndroidManifest.xml:5:5-7:41
MERGED from [com.mapbox.maps:android-core:11.2.1] AndroidManifest.xml:6:5-8:41
MERGED from [com.mapbox.maps:android-core:11.2.1] AndroidManifest.xml:6:5-8:41
MERGED from [com.mapbox.common:common:24.2.0] AndroidManifest.xml:6:5-44
MERGED from [com.mapbox.common:common:24.2.0] AndroidManifest.xml:6:5-44
MERGED from [androidx.core:core:1.12.0] AndroidManifest.xml:20:5-44
MERGED from [androidx.core:core:1.12.0] AndroidManifest.xml:20:5-44
MERGED from [androidx.savedstate:savedstate:1.2.1] AndroidManifest.xml:20:5-44
MERGED from [androidx.savedstate:savedstate:1.2.1] AndroidManifest.xml:20:5-44
MERGED from [androidx.lifecycle:lifecycle-livedata:2.6.1] AndroidManifest.xml:20:5-44
MERGED from [androidx.lifecycle:lifecycle-livedata:2.6.1] AndroidManifest.xml:20:5-44
MERGED from [androidx.lifecycle:lifecycle-process:2.6.1] AndroidManifest.xml:21:5-44
MERGED from [androidx.lifecycle:lifecycle-process:2.6.1] AndroidManifest.xml:21:5-44
MERGED from [androidx.lifecycle:lifecycle-livedata-core:2.6.1] AndroidManifest.xml:20:5-44
MERGED from [androidx.lifecycle:lifecycle-livedata-core:2.6.1] AndroidManifest.xml:20:5-44
MERGED from [androidx.lifecycle:lifecycle-viewmodel:2.6.1] AndroidManifest.xml:20:5-44
MERGED from [androidx.lifecycle:lifecycle-viewmodel:2.6.1] AndroidManifest.xml:20:5-44
MERGED from [androidx.lifecycle:lifecycle-runtime:2.6.1] AndroidManifest.xml:5:5-44
MERGED from [androidx.lifecycle:lifecycle-runtime:2.6.1] AndroidManifest.xml:5:5-44
MERGED from [androidx.lifecycle:lifecycle-viewmodel-savedstate:2.6.1] AndroidManifest.xml:20:5-44
MERGED from [androidx.lifecycle:lifecycle-viewmodel-savedstate:2.6.1] AndroidManifest.xml:20:5-44
MERGED from [androidx.cursoradapter:cursoradapter:1.0.0] AndroidManifest.xml:20:5-44
MERGED from [androidx.cursoradapter:cursoradapter:1.0.0] AndroidManifest.xml:20:5-44
MERGED from [androidx.cardview:cardview:1.0.0] AndroidManifest.xml:20:5-44
MERGED from [androidx.cardview:cardview:1.0.0] AndroidManifest.xml:20:5-44
MERGED from [androidx.profileinstaller:profileinstaller:1.3.0] AndroidManifest.xml:21:5-44
MERGED from [androidx.profileinstaller:profileinstaller:1.3.0] AndroidManifest.xml:21:5-44
MERGED from [androidx.startup:startup-runtime:1.1.1] AndroidManifest.xml:21:5-23:41
MERGED from [androidx.startup:startup-runtime:1.1.1] AndroidManifest.xml:21:5-23:41
MERGED from [androidx.tracing:tracing:1.0.0] AndroidManifest.xml:20:5-22:41
MERGED from [androidx.tracing:tracing:1.0.0] AndroidManifest.xml:20:5-22:41
MERGED from [com.mapbox.common:logger:0.8.0] AndroidManifest.xml:5:5-7:41
MERGED from [com.mapbox.common:logger:0.8.0] AndroidManifest.xml:5:5-7:41
MERGED from [com.mapbox.common:loader:0.8.0] AndroidManifest.xml:5:5-7:41
MERGED from [com.mapbox.common:loader:0.8.0] AndroidManifest.xml:5:5-7:41
MERGED from [com.mapbox.base:common:0.8.0] AndroidManifest.xml:5:5-7:41
MERGED from [com.mapbox.base:common:0.8.0] AndroidManifest.xml:5:5-7:41
MERGED from [androidx.interpolator:interpolator:1.0.0] AndroidManifest.xml:20:5-44
MERGED from [androidx.interpolator:interpolator:1.0.0] AndroidManifest.xml:20:5-44
MERGED from [androidx.versionedparcelable:versionedparcelable:1.1.1] AndroidManifest.xml:20:5-22:41
MERGED from [androidx.versionedparcelable:versionedparcelable:1.1.1] AndroidManifest.xml:20:5-22:41
MERGED from [androidx.arch.core:core-runtime:2.2.0] AndroidManifest.xml:20:5-44
MERGED from [androidx.arch.core:core-runtime:2.2.0] AndroidManifest.xml:20:5-44
MERGED from [androidx.documentfile:documentfile:1.0.0] AndroidManifest.xml:20:5-44
MERGED from [androidx.documentfile:documentfile:1.0.0] AndroidManifest.xml:20:5-44
MERGED from [androidx.localbroadcastmanager:localbroadcastmanager:1.0.0] AndroidManifest.xml:20:5-44
MERGED from [androidx.localbroadcastmanager:localbroadcastmanager:1.0.0] AndroidManifest.xml:20:5-44
MERGED from [androidx.print:print:1.0.0] AndroidManifest.xml:20:5-44
MERGED from [androidx.print:print:1.0.0] AndroidManifest.xml:20:5-44
MERGED from [androidx.annotation:annotation-experimental:1.3.0] AndroidManifest.xml:20:5-44
MERGED from [androidx.annotation:annotation-experimental:1.3.0] AndroidManifest.xml:20:5-44
	android:targetSdkVersion
		INJECTED from src\main\AndroidManifest.xml
	android:minSdkVersion
		INJECTED from src\main\AndroidManifest.xml
provider#androidx.startup.InitializationProvider
ADDED from [com.mapbox.maps:base:11.2.1] AndroidManifest.xml:9:9-17:20
MERGED from [androidx.emoji2:emoji2:1.2.0] AndroidManifest.xml:24:9-32:20
MERGED from [androidx.emoji2:emoji2:1.2.0] AndroidManifest.xml:24:9-32:20
MERGED from [com.mapbox.maps:android-core:11.2.1] AndroidManifest.xml:22:9-30:20
MERGED from [com.mapbox.maps:android-core:11.2.1] AndroidManifest.xml:22:9-30:20
MERGED from [com.mapbox.common:common:24.2.0] AndroidManifest.xml:12:9-22:20
MERGED from [com.mapbox.common:common:24.2.0] AndroidManifest.xml:12:9-22:20
MERGED from [androidx.lifecycle:lifecycle-process:2.6.1] AndroidManifest.xml:24:9-32:20
MERGED from [androidx.lifecycle:lifecycle-process:2.6.1] AndroidManifest.xml:24:9-32:20
MERGED from [androidx.profileinstaller:profileinstaller:1.3.0] AndroidManifest.xml:24:9-32:20
MERGED from [androidx.profileinstaller:profileinstaller:1.3.0] AndroidManifest.xml:24:9-32:20
MERGED from [androidx.startup:startup-runtime:1.1.1] AndroidManifest.xml:26:9-30:34
MERGED from [androidx.startup:startup-runtime:1.1.1] AndroidManifest.xml:26:9-30:34
	tools:node
		ADDED from [com.mapbox.maps:base:11.2.1] AndroidManifest.xml:13:13-31
	android:authorities
		ADDED from [com.mapbox.maps:base:11.2.1] AndroidManifest.xml:11:13-68
	android:exported
		ADDED from [com.mapbox.maps:base:11.2.1] AndroidManifest.xml:12:13-37
	android:name
		ADDED from [com.mapbox.maps:base:11.2.1] AndroidManifest.xml:10:13-67
meta-data#com.mapbox.maps.MapboxInitializer
ADDED from [com.mapbox.maps:base:11.2.1] AndroidManifest.xml:14:13-16:52
	android:value
		ADDED from [com.mapbox.maps:base:11.2.1] AndroidManifest.xml:16:17-49
	android:name
		ADDED from [com.mapbox.maps:base:11.2.1] AndroidManifest.xml:15:17-65
meta-data#androidx.emoji2.text.EmojiCompatInitializer
ADDED from [androidx.emoji2:emoji2:1.2.0] AndroidManifest.xml:29:13-31:52
	android:value
		ADDED from [androidx.emoji2:emoji2:1.2.0] AndroidManifest.xml:31:17-49
	android:name
		ADDED from [androidx.emoji2:emoji2:1.2.0] AndroidManifest.xml:30:17-75
uses-feature#0x00030000
ADDED from [com.mapbox.maps:android-core:11.2.1] AndroidManifest.xml:10:5-12:35
	android:glEsVersion
		ADDED from [com.mapbox.maps:android-core:11.2.1] AndroidManifest.xml:11:9-41
	android:required
		ADDED from [com.mapbox.maps:android-core:11.2.1] AndroidManifest.xml:12:9-32
uses-feature#android.hardware.wifi
ADDED from [com.mapbox.maps:android-core:11.2.1] AndroidManifest.xml:13:5-15:36
	android:required
		ADDED from [com.mapbox.maps:android-core:11.2.1] AndroidManifest.xml:15:9-33
	android:name
		ADDED from [com.mapbox.maps:android-core:11.2.1] AndroidManifest.xml:14:9-45
uses-permission#android.permission.INTERNET
ADDED from [com.mapbox.maps:android-core:11.2.1] AndroidManifest.xml:17:5-67
MERGED from [com.mapbox.common:common:24.2.0] AndroidManifest.xml:8:5-67
MERGED from [com.mapbox.common:common:24.2.0] AndroidManifest.xml:8:5-67
	android:name
		ADDED from [com.mapbox.maps:android-core:11.2.1] AndroidManifest.xml:17:22-64
uses-permission#android.permission.ACCESS_NETWORK_STATE
ADDED from [com.mapbox.maps:android-core:11.2.1] AndroidManifest.xml:18:5-79
MERGED from [com.mapbox.common:common:24.2.0] AndroidManifest.xml:9:5-79
MERGED from [com.mapbox.common:common:24.2.0] AndroidManifest.xml:9:5-79
	android:name
		ADDED from [com.mapbox.maps:android-core:11.2.1] AndroidManifest.xml:18:22-76
uses-permission#android.permission.ACCESS_WIFI_STATE
ADDED from [com.mapbox.maps:android-core:11.2.1] AndroidManifest.xml:19:5-76
	android:name
		ADDED from [com.mapbox.maps:android-core:11.2.1] AndroidManifest.xml:19:22-73
meta-data#com.mapbox.maps.loader.MapboxMapsInitializer
ADDED from [com.mapbox.maps:android-core:11.2.1] AndroidManifest.xml:27:13-29:52
	android:value
		ADDED from [com.mapbox.maps:android-core:11.2.1] AndroidManifest.xml:29:17-49
	android:name
		ADDED from [com.mapbox.maps:android-core:11.2.1] AndroidManifest.xml:28:17-76
meta-data#com.mapbox.common.MapboxSDKCommonInitializer
ADDED from [com.mapbox.common:common:24.2.0] AndroidManifest.xml:19:13-21:52
	android:value
		ADDED from [com.mapbox.common:common:24.2.0] AndroidManifest.xml:21:17-49
	android:name
		ADDED from [com.mapbox.common:common:24.2.0] AndroidManifest.xml:20:17-76
receiver#com.mapbox.common.location.LocationUpdatesReceiver
ADDED from [com.mapbox.common:common:24.2.0] AndroidManifest.xml:24:9-31:20
	android:enabled
		ADDED from [com.mapbox.common:common:24.2.0] AndroidManifest.xml:26:13-35
	android:exported
		ADDED from [com.mapbox.common:common:24.2.0] AndroidManifest.xml:27:13-37
	android:name
		ADDED from [com.mapbox.common:common:24.2.0] AndroidManifest.xml:25:13-78
intent-filter#action:name:com.mapbox.common.location.LocationUpdatesReceiver.ACTION_PROCESS_LOCATION_UPDATES
ADDED from [com.mapbox.common:common:24.2.0] AndroidManifest.xml:28:13-30:29
action#com.mapbox.common.location.LocationUpdatesReceiver.ACTION_PROCESS_LOCATION_UPDATES
ADDED from [com.mapbox.common:common:24.2.0] AndroidManifest.xml:29:17-125
	android:name
		ADDED from [com.mapbox.common:common:24.2.0] AndroidManifest.xml:29:25-122
service#com.mapbox.common.LifecycleService
ADDED from [com.mapbox.common:common:24.2.0] AndroidManifest.xml:33:9-35:40
	android:exported
		ADDED from [com.mapbox.common:common:24.2.0] AndroidManifest.xml:35:13-37
	android:name
		ADDED from [com.mapbox.common:common:24.2.0] AndroidManifest.xml:34:13-62
permission#${applicationId}.DYNAMIC_RECEIVER_NOT_EXPORTED_PERMISSION
ADDED from [androidx.core:core:1.12.0] AndroidManifest.xml:22:5-24:47
	android:protectionLevel
		ADDED from [androidx.core:core:1.12.0] AndroidManifest.xml:24:9-44
	android:name
		ADDED from [androidx.core:core:1.12.0] AndroidManifest.xml:23:9-81
permission#dev.divyanshgemini.mapbox.DYNAMIC_RECEIVER_NOT_EXPORTED_PERMISSION
ADDED from [androidx.core:core:1.12.0] AndroidManifest.xml:22:5-24:47
	android:protectionLevel
		ADDED from [androidx.core:core:1.12.0] AndroidManifest.xml:24:9-44
	android:name
		ADDED from [androidx.core:core:1.12.0] AndroidManifest.xml:23:9-81
uses-permission#${applicationId}.DYNAMIC_RECEIVER_NOT_EXPORTED_PERMISSION
ADDED from [androidx.core:core:1.12.0] AndroidManifest.xml:26:5-97
	android:name
		ADDED from [androidx.core:core:1.12.0] AndroidManifest.xml:26:22-94
uses-permission#dev.divyanshgemini.mapbox.DYNAMIC_RECEIVER_NOT_EXPORTED_PERMISSION
ADDED from [androidx.core:core:1.12.0] AndroidManifest.xml:26:5-97
	android:name
		ADDED from [androidx.core:core:1.12.0] AndroidManifest.xml:26:22-94
meta-data#androidx.lifecycle.ProcessLifecycleInitializer
ADDED from [androidx.lifecycle:lifecycle-process:2.6.1] AndroidManifest.xml:29:13-31:52
	android:value
		ADDED from [androidx.lifecycle:lifecycle-process:2.6.1] AndroidManifest.xml:31:17-49
	android:name
		ADDED from [androidx.lifecycle:lifecycle-process:2.6.1] AndroidManifest.xml:30:17-78
meta-data#androidx.profileinstaller.ProfileInstallerInitializer
ADDED from [androidx.profileinstaller:profileinstaller:1.3.0] AndroidManifest.xml:29:13-31:52
	android:value
		ADDED from [androidx.profileinstaller:profileinstaller:1.3.0] AndroidManifest.xml:31:17-49
	android:name
		ADDED from [androidx.profileinstaller:profileinstaller:1.3.0] AndroidManifest.xml:30:17-85
receiver#androidx.profileinstaller.ProfileInstallReceiver
ADDED from [androidx.profileinstaller:profileinstaller:1.3.0] AndroidManifest.xml:34:9-52:20
	android:enabled
		ADDED from [androidx.profileinstaller:profileinstaller:1.3.0] AndroidManifest.xml:37:13-35
	android:exported
		ADDED from [androidx.profileinstaller:profileinstaller:1.3.0] AndroidManifest.xml:38:13-36
	android:permission
		ADDED from [androidx.profileinstaller:profileinstaller:1.3.0] AndroidManifest.xml:39:13-57
	android:directBootAware
		ADDED from [androidx.profileinstaller:profileinstaller:1.3.0] AndroidManifest.xml:36:13-44
	android:name
		ADDED from [androidx.profileinstaller:profileinstaller:1.3.0] AndroidManifest.xml:35:13-76
intent-filter#action:name:androidx.profileinstaller.action.INSTALL_PROFILE
ADDED from [androidx.profileinstaller:profileinstaller:1.3.0] AndroidManifest.xml:40:13-42:29
action#androidx.profileinstaller.action.INSTALL_PROFILE
ADDED from [androidx.profileinstaller:profileinstaller:1.3.0] AndroidManifest.xml:41:17-91
	android:name
		ADDED from [androidx.profileinstaller:profileinstaller:1.3.0] AndroidManifest.xml:41:25-88
intent-filter#action:name:androidx.profileinstaller.action.SKIP_FILE
ADDED from [androidx.profileinstaller:profileinstaller:1.3.0] AndroidManifest.xml:43:13-45:29
action#androidx.profileinstaller.action.SKIP_FILE
ADDED from [androidx.profileinstaller:profileinstaller:1.3.0] AndroidManifest.xml:44:17-85
	android:name
		ADDED from [androidx.profileinstaller:profileinstaller:1.3.0] AndroidManifest.xml:44:25-82
intent-filter#action:name:androidx.profileinstaller.action.SAVE_PROFILE
ADDED from [androidx.profileinstaller:profileinstaller:1.3.0] AndroidManifest.xml:46:13-48:29
action#androidx.profileinstaller.action.SAVE_PROFILE
ADDED from [androidx.profileinstaller:profileinstaller:1.3.0] AndroidManifest.xml:47:17-88
	android:name
		ADDED from [androidx.profileinstaller:profileinstaller:1.3.0] AndroidManifest.xml:47:25-85
intent-filter#action:name:androidx.profileinstaller.action.BENCHMARK_OPERATION
ADDED from [androidx.profileinstaller:profileinstaller:1.3.0] AndroidManifest.xml:49:13-51:29